Analysis & Synthesis report for sodamachinelab
Wed Apr 27 21:40:10 2016
Quartus II 64-Bit Version 13.0.1 Build 232 06/12/2013 Service Pack 1 SJ Web Edition


---------------------
; Table of Contents ;
---------------------
  1. Legal Notice
  2. Analysis & Synthesis Summary
  3. Analysis & Synthesis Settings
  4. Parallel Compilation
  5. Analysis & Synthesis Source Files Read
  6. Analysis & Synthesis Resource Usage Summary
  7. Analysis & Synthesis Resource Utilization by Entity
  8. State Machine - |sodamachinelab|Sreg
  9. User-Specified and Inferred Latches
 10. Registers Removed During Synthesis
 11. Removed Registers Triggering Further Register Optimizations
 12. General Register Statistics
 13. Parameter Settings for User Entity Instance: Top-level Entity: |sodamachinelab
 14. Elapsed Time Per Partition
 15. Analysis & Synthesis Messages



----------------
; Legal Notice ;
----------------
Copyright (C) 1991-2013 Altera Corporation
Your use of Altera Corporation's design tools, logic functions 
and other software and tools, and its AMPP partner logic 
functions, and any output files from any of the foregoing 
(including device programming or simulation files), and any 
associated documentation or information are expressly subject 
to the terms and conditions of the Altera Program License 
Subscription Agreement, Altera MegaCore Function License 
Agreement, or other applicable license agreement, including, 
without limitation, that your use is for the sole purpose of 
programming logic devices manufactured by Altera and sold by 
Altera or its authorized distributors.  Please refer to the 
applicable agreement for further details.



+--------------------------------------------------------------------------------------+
; Analysis & Synthesis Summary                                                         ;
+------------------------------------+-------------------------------------------------+
; Analysis & Synthesis Status        ; Successful - Wed Apr 27 21:40:10 2016           ;
; Quartus II 64-Bit Version          ; 13.0.1 Build 232 06/12/2013 SP 1 SJ Web Edition ;
; Revision Name                      ; sodamachinelab                                  ;
; Top-level Entity Name              ; sodamachinelab                                  ;
; Family                             ; Cyclone II                                      ;
; Total logic elements               ; 19                                              ;
;     Total combinational functions  ; 19                                              ;
;     Dedicated logic registers      ; 9                                               ;
; Total registers                    ; 9                                               ;
; Total pins                         ; 73                                              ;
; Total virtual pins                 ; 0                                               ;
; Total memory bits                  ; 0                                               ;
; Embedded Multiplier 9-bit elements ; 0                                               ;
; Total PLLs                         ; 0                                               ;
+------------------------------------+-------------------------------------------------+


+----------------------------------------------------------------------------------------------------------------------+
; Analysis & Synthesis Settings                                                                                        ;
+----------------------------------------------------------------------------+--------------------+--------------------+
; Option                                                                     ; Setting            ; Default Value      ;
+----------------------------------------------------------------------------+--------------------+--------------------+
; Device                                                                     ; EP2C20F484C7       ;                    ;
; Top-level entity name                                                      ; sodamachinelab     ; sodamachinelab     ;
; Family name                                                                ; Cyclone II         ; Cyclone IV GX      ;
; Use smart compilation                                                      ; Off                ; Off                ;
; Enable parallel Assembler and TimeQuest Timing Analyzer during compilation ; On                 ; On                 ;
; Enable compact report table                                                ; Off                ; Off                ;
; Restructure Multiplexers                                                   ; Auto               ; Auto               ;
; Create Debugging Nodes for IP Cores                                        ; Off                ; Off                ;
; Preserve fewer node names                                                  ; On                 ; On                 ;
; Disable OpenCore Plus hardware evaluation                                  ; Off                ; Off                ;
; Verilog Version                                                            ; Verilog_2001       ; Verilog_2001       ;
; VHDL Version                                                               ; VHDL_1993          ; VHDL_1993          ;
; State Machine Processing                                                   ; Auto               ; Auto               ;
; Safe State Machine                                                         ; Off                ; Off                ;
; Extract Verilog State Machines                                             ; On                 ; On                 ;
; Extract VHDL State Machines                                                ; On                 ; On                 ;
; Ignore Verilog initial constructs                                          ; Off                ; Off                ;
; Iteration limit for constant Verilog loops                                 ; 5000               ; 5000               ;
; Iteration limit for non-constant Verilog loops                             ; 250                ; 250                ;
; Add Pass-Through Logic to Inferred RAMs                                    ; On                 ; On                 ;
; Infer RAMs from Raw Logic                                                  ; On                 ; On                 ;
; Parallel Synthesis                                                         ; On                 ; On                 ;
; DSP Block Balancing                                                        ; Auto               ; Auto               ;
; NOT Gate Push-Back                                                         ; On                 ; On                 ;
; Power-Up Don't Care                                                        ; On                 ; On                 ;
; Remove Redundant Logic Cells                                               ; Off                ; Off                ;
; Remove Duplicate Registers                                                 ; On                 ; On                 ;
; Ignore CARRY Buffers                                                       ; Off                ; Off                ;
; Ignore CASCADE Buffers                                                     ; Off                ; Off                ;
; Ignore GLOBAL Buffers                                                      ; Off                ; Off                ;
; Ignore ROW GLOBAL Buffers                                                  ; Off                ; Off                ;
; Ignore LCELL Buffers                                                       ; Off                ; Off                ;
; Ignore SOFT Buffers                                                        ; On                 ; On                 ;
; Limit AHDL Integers to 32 Bits                                             ; Off                ; Off                ;
; Optimization Technique                                                     ; Balanced           ; Balanced           ;
; Carry Chain Length                                                         ; 70                 ; 70                 ;
; Auto Carry Chains                                                          ; On                 ; On                 ;
; Auto Open-Drain Pins                                                       ; On                 ; On                 ;
; Perform WYSIWYG Primitive Resynthesis                                      ; Off                ; Off                ;
; Auto ROM Replacement                                                       ; On                 ; On                 ;
; Auto RAM Replacement                                                       ; On                 ; On                 ;
; Auto Shift Register Replacement                                            ; Auto               ; Auto               ;
; Allow Shift Register Merging across Hierarchies                            ; Auto               ; Auto               ;
; Auto Clock Enable Replacement                                              ; On                 ; On                 ;
; Strict RAM Replacement                                                     ; Off                ; Off                ;
; Allow Synchronous Control Signals                                          ; On                 ; On                 ;
; Force Use of Synchronous Clear Signals                                     ; Off                ; Off                ;
; Auto RAM to Logic Cell Conversion                                          ; Off                ; Off                ;
; Auto Resource Sharing                                                      ; Off                ; Off                ;
; Allow Any RAM Size For Recognition                                         ; Off                ; Off                ;
; Allow Any ROM Size For Recognition                                         ; Off                ; Off                ;
; Allow Any Shift Register Size For Recognition                              ; Off                ; Off                ;
; Use LogicLock Constraints during Resource Balancing                        ; On                 ; On                 ;
; Ignore translate_off and synthesis_off directives                          ; Off                ; Off                ;
; Timing-Driven Synthesis                                                    ; Off                ; Off                ;
; Report Parameter Settings                                                  ; On                 ; On                 ;
; Report Source Assignments                                                  ; On                 ; On                 ;
; Report Connectivity Checks                                                 ; On                 ; On                 ;
; Ignore Maximum Fan-Out Assignments                                         ; Off                ; Off                ;
; Synchronization Register Chain Length                                      ; 2                  ; 2                  ;
; PowerPlay Power Optimization                                               ; Normal compilation ; Normal compilation ;
; HDL message level                                                          ; Level2             ; Level2             ;
; Suppress Register Optimization Related Messages                            ; Off                ; Off                ;
; Number of Removed Registers Reported in Synthesis Report                   ; 5000               ; 5000               ;
; Number of Swept Nodes Reported in Synthesis Report                         ; 5000               ; 5000               ;
; Number of Inverted Registers Reported in Synthesis Report                  ; 100                ; 100                ;
; Clock MUX Protection                                                       ; On                 ; On                 ;
; Auto Gated Clock Conversion                                                ; Off                ; Off                ;
; Block Design Naming                                                        ; Auto               ; Auto               ;
; SDC constraint protection                                                  ; Off                ; Off                ;
; Synthesis Effort                                                           ; Auto               ; Auto               ;
; Shift Register Replacement - Allow Asynchronous Clear Signal               ; On                 ; On                 ;
; Pre-Mapping Resynthesis Optimization                                       ; Off                ; Off                ;
; Analysis & Synthesis Message Level                                         ; Medium             ; Medium             ;
; Disable Register Merging Across Hierarchies                                ; Auto               ; Auto               ;
; Resource Aware Inference For Block RAM                                     ; On                 ; On                 ;
; Synthesis Seed                                                             ; 1                  ; 1                  ;
+----------------------------------------------------------------------------+--------------------+--------------------+


Parallel compilation was disabled, but you have multiple processors available. Enable parallel compilation to reduce compilation time.
+-------------------------------------+
; Parallel Compilation                ;
+----------------------------+--------+
; Processors                 ; Number ;
+----------------------------+--------+
; Number detected on machine ; 8      ;
; Maximum allowed            ; 1      ;
+----------------------------+--------+


+------------------------------------------------------------------------------------------------------------------------------------------------+
; Analysis & Synthesis Source Files Read                                                                                                         ;
+----------------------------------+-----------------+------------------------+--------------------------------------------------------+---------+
; File Name with User-Entered Path ; Used in Netlist ; File Type              ; File Name with Absolute Path                           ; Library ;
+----------------------------------+-----------------+------------------------+--------------------------------------------------------+---------+
; sodamachinelab.v                 ; yes             ; User Verilog HDL File  ; C:/Users/pt286/Desktop/SodaMachineLab/sodamachinelab.v ;         ;
+----------------------------------+-----------------+------------------------+--------------------------------------------------------+---------+


+-----------------------------------------------------+
; Analysis & Synthesis Resource Usage Summary         ;
+---------------------------------------------+-------+
; Resource                                    ; Usage ;
+---------------------------------------------+-------+
; Estimated Total logic elements              ; 19    ;
;                                             ;       ;
; Total combinational functions               ; 19    ;
; Logic element usage by number of LUT inputs ;       ;
;     -- 4 input functions                    ; 9     ;
;     -- 3 input functions                    ; 6     ;
;     -- <=2 input functions                  ; 4     ;
;                                             ;       ;
; Logic elements by mode                      ;       ;
;     -- normal mode                          ; 19    ;
;     -- arithmetic mode                      ; 0     ;
;                                             ;       ;
; Total registers                             ; 9     ;
;     -- Dedicated logic registers            ; 9     ;
;     -- I/O registers                        ; 0     ;
;                                             ;       ;
; I/O pins                                    ; 73    ;
; Embedded Multiplier 9-bit elements          ; 0     ;
; Maximum fan-out node                        ; clock ;
; Maximum fan-out                             ; 9     ;
; Total fan-out                               ; 87    ;
; Average fan-out                             ; 0.86  ;
+---------------------------------------------+-------+


+-----------------------------------------------------------------------------------------------------------------------------------------------------------------------------+
; Analysis & Synthesis Resource Utilization by Entity                                                                                                                         ;
+----------------------------+-------------------+--------------+-------------+--------------+---------+-----------+------+--------------+---------------------+--------------+
; Compilation Hierarchy Node ; LC Combinationals ; LC Registers ; Memory Bits ; DSP Elements ; DSP 9x9 ; DSP 18x18 ; Pins ; Virtual Pins ; Full Hierarchy Name ; Library Name ;
+----------------------------+-------------------+--------------+-------------+--------------+---------+-----------+------+--------------+---------------------+--------------+
; |sodamachinelab            ; 19 (19)           ; 9 (9)        ; 0           ; 0            ; 0       ; 0         ; 73   ; 0            ; |sodamachinelab     ; work         ;
+----------------------------+-------------------+--------------+-------------+--------------+---------+-----------+------+--------------+---------------------+--------------+
Note: For table entries with two numbers listed, the numbers in parentheses indicate the number of resources of the given type used by the specific entity alone. The numbers listed outside of parentheses indicate the total resources of the given type used by the specific entity and all of its sub-entities in the hierarchy.


Encoding Type:  One-Hot
+--------------------------------------------------------------------------------------------------------------------------------------------------------------------------------------------------------------------------------------------+
; State Machine - |sodamachinelab|Sreg                                                                                                                                                                                                       ;
+------------+---------+---------+-----------+-----------+-----------+-----------+-----------+-----------+-----------+-----------+-----------+-----------+-----------+-----------+-----------+------------+-----------+----------+-----------+
; Name       ; Sreg.V1 ; Sreg.V0 ; Sreg.SEL6 ; Sreg.SEL5 ; Sreg.SEL4 ; Sreg.SEL3 ; Sreg.SEL2 ; Sreg.SEL1 ; Sreg.SEL0 ; Sreg.CA4X ; Sreg.CA3X ; Sreg.CA2X ; Sreg.CA1X ; Sreg.VENX ; Sreg.VEND ; Sreg.SC175 ; Sreg.SC17 ; Sreg.SC1 ; Sreg.WAIT ;
+------------+---------+---------+-----------+-----------+-----------+-----------+-----------+-----------+-----------+-----------+-----------+-----------+-----------+-----------+-----------+------------+-----------+----------+-----------+
; Sreg.WAIT  ; 0       ; 0       ; 0         ; 0         ; 0         ; 0         ; 0         ; 0         ; 0         ; 0         ; 0         ; 0         ; 0         ; 0         ; 0         ; 0          ; 0         ; 0        ; 0         ;
; Sreg.SC1   ; 0       ; 0       ; 0         ; 0         ; 0         ; 0         ; 0         ; 0         ; 0         ; 0         ; 0         ; 0         ; 0         ; 0         ; 0         ; 0          ; 0         ; 1        ; 1         ;
; Sreg.SC17  ; 0       ; 0       ; 0         ; 0         ; 0         ; 0         ; 0         ; 0         ; 0         ; 0         ; 0         ; 0         ; 0         ; 0         ; 0         ; 0          ; 1         ; 0        ; 1         ;
; Sreg.SC175 ; 0       ; 0       ; 0         ; 0         ; 0         ; 0         ; 0         ; 0         ; 0         ; 0         ; 0         ; 0         ; 0         ; 0         ; 0         ; 1          ; 0         ; 0        ; 1         ;
; Sreg.VEND  ; 0       ; 0       ; 0         ; 0         ; 0         ; 0         ; 0         ; 0         ; 0         ; 0         ; 0         ; 0         ; 0         ; 0         ; 1         ; 0          ; 0         ; 0        ; 1         ;
; Sreg.VENX  ; 0       ; 0       ; 0         ; 0         ; 0         ; 0         ; 0         ; 0         ; 0         ; 0         ; 0         ; 0         ; 0         ; 1         ; 0         ; 0          ; 0         ; 0        ; 1         ;
; Sreg.CA1X  ; 0       ; 0       ; 0         ; 0         ; 0         ; 0         ; 0         ; 0         ; 0         ; 0         ; 0         ; 0         ; 1         ; 0         ; 0         ; 0          ; 0         ; 0        ; 1         ;
; Sreg.CA2X  ; 0       ; 0       ; 0         ; 0         ; 0         ; 0         ; 0         ; 0         ; 0         ; 0         ; 0         ; 1         ; 0         ; 0         ; 0         ; 0          ; 0         ; 0        ; 1         ;
; Sreg.CA3X  ; 0       ; 0       ; 0         ; 0         ; 0         ; 0         ; 0         ; 0         ; 0         ; 0         ; 1         ; 0         ; 0         ; 0         ; 0         ; 0          ; 0         ; 0        ; 1         ;
; Sreg.CA4X  ; 0       ; 0       ; 0         ; 0         ; 0         ; 0         ; 0         ; 0         ; 0         ; 1         ; 0         ; 0         ; 0         ; 0         ; 0         ; 0          ; 0         ; 0        ; 1         ;
; Sreg.SEL0  ; 0       ; 0       ; 0         ; 0         ; 0         ; 0         ; 0         ; 0         ; 1         ; 0         ; 0         ; 0         ; 0         ; 0         ; 0         ; 0          ; 0         ; 0        ; 1         ;
; Sreg.SEL1  ; 0       ; 0       ; 0         ; 0         ; 0         ; 0         ; 0         ; 1         ; 0         ; 0         ; 0         ; 0         ; 0         ; 0         ; 0         ; 0          ; 0         ; 0        ; 1         ;
; Sreg.SEL2  ; 0       ; 0       ; 0         ; 0         ; 0         ; 0         ; 1         ; 0         ; 0         ; 0         ; 0         ; 0         ; 0         ; 0         ; 0         ; 0          ; 0         ; 0        ; 1         ;
; Sreg.SEL3  ; 0       ; 0       ; 0         ; 0         ; 0         ; 1         ; 0         ; 0         ; 0         ; 0         ; 0         ; 0         ; 0         ; 0         ; 0         ; 0          ; 0         ; 0        ; 1         ;
; Sreg.SEL4  ; 0       ; 0       ; 0         ; 0         ; 1         ; 0         ; 0         ; 0         ; 0         ; 0         ; 0         ; 0         ; 0         ; 0         ; 0         ; 0          ; 0         ; 0        ; 1         ;
; Sreg.SEL5  ; 0       ; 0       ; 0         ; 1         ; 0         ; 0         ; 0         ; 0         ; 0         ; 0         ; 0         ; 0         ; 0         ; 0         ; 0         ; 0          ; 0         ; 0        ; 1         ;
; Sreg.SEL6  ; 0       ; 0       ; 1         ; 0         ; 0         ; 0         ; 0         ; 0         ; 0         ; 0         ; 0         ; 0         ; 0         ; 0         ; 0         ; 0          ; 0         ; 0        ; 1         ;
; Sreg.V0    ; 0       ; 1       ; 0         ; 0         ; 0         ; 0         ; 0         ; 0         ; 0         ; 0         ; 0         ; 0         ; 0         ; 0         ; 0         ; 0          ; 0         ; 0        ; 1         ;
; Sreg.V1    ; 1       ; 0       ; 0         ; 0         ; 0         ; 0         ; 0         ; 0         ; 0         ; 0         ; 0         ; 0         ; 0         ; 0         ; 0         ; 0          ; 0         ; 0        ; 1         ;
+------------+---------+---------+-----------+-----------+-----------+-----------+-----------+-----------+-----------+-----------+-----------+-----------+-----------+-----------+-----------+------------+-----------+----------+-----------+


+---------------------------------------------------------------------------------------------------+
; User-Specified and Inferred Latches                                                               ;
+----------------------------------------------------+---------------------+------------------------+
; Latch Name                                         ; Latch Enable Signal ; Free of Timing Hazards ;
+----------------------------------------------------+---------------------+------------------------+
; vendingmotors[2]                                   ; GND                 ; yes                    ;
; Number of user-specified and inferred latches = 1  ;                     ;                        ;
+----------------------------------------------------+---------------------+------------------------+
Note: All latches listed above may not be present at the end of synthesis due to various synthesis optimizations.


+---------------------------------------------------------------------------------+
; Registers Removed During Synthesis                                              ;
+----------------------------------------+----------------------------------------+
; Register name                          ; Reason for Removal                     ;
+----------------------------------------+----------------------------------------+
; Sreg~2                                 ; Lost fanout                            ;
; Sreg~3                                 ; Lost fanout                            ;
; Sreg~4                                 ; Lost fanout                            ;
; Sreg~5                                 ; Lost fanout                            ;
; Sreg~6                                 ; Lost fanout                            ;
; Sreg~7                                 ; Lost fanout                            ;
; Sreg~8                                 ; Lost fanout                            ;
; Sreg.SC1                               ; Stuck at GND due to stuck port data_in ;
; Sreg.SC17                              ; Stuck at GND due to stuck port data_in ;
; Sreg.SC175                             ; Stuck at GND due to stuck port data_in ;
; Sreg.SEL0                              ; Stuck at GND due to stuck port data_in ;
; Sreg.SEL2                              ; Stuck at GND due to stuck port data_in ;
; Sreg.SEL3                              ; Stuck at GND due to stuck port data_in ;
; Sreg.SEL4                              ; Stuck at GND due to stuck port data_in ;
; Sreg.SEL5                              ; Stuck at GND due to stuck port data_in ;
; Sreg.SEL6                              ; Stuck at GND due to stuck port data_in ;
; Sreg.V0                                ; Stuck at GND due to stuck port data_in ;
; Sreg.V1                                ; Stuck at GND due to stuck port data_in ;
; Xreg[2]                                ; Merged with Xreg[0]                    ;
; Xreg[0]                                ; Stuck at GND due to stuck port data_in ;
; Total Number of Removed Registers = 20 ;                                        ;
+----------------------------------------+----------------------------------------+


+------------------------------------------------------------------------------------+
; Removed Registers Triggering Further Register Optimizations                        ;
+---------------+---------------------------+----------------------------------------+
; Register name ; Reason for Removal        ; Registers Removed due to This Register ;
+---------------+---------------------------+----------------------------------------+
; Sreg.SEL0     ; Stuck at GND              ; Sreg.SEL2, Sreg.SEL5, Xreg[0]          ;
;               ; due to stuck port data_in ;                                        ;
+---------------+---------------------------+----------------------------------------+


+------------------------------------------------------+
; General Register Statistics                          ;
+----------------------------------------------+-------+
; Statistic                                    ; Value ;
+----------------------------------------------+-------+
; Total registers                              ; 9     ;
; Number of registers using Synchronous Clear  ; 0     ;
; Number of registers using Synchronous Load   ; 0     ;
; Number of registers using Asynchronous Clear ; 0     ;
; Number of registers using Asynchronous Load  ; 0     ;
; Number of registers using Clock Enable       ; 0     ;
; Number of registers using Preset             ; 0     ;
+----------------------------------------------+-------+


+--------------------------------------------------------------------------------+
; Parameter Settings for User Entity Instance: Top-level Entity: |sodamachinelab ;
+----------------+-------+-------------------------------------------------------+
; Parameter Name ; Value ; Type                                                  ;
+----------------+-------+-------------------------------------------------------+
; WAIT           ; 00001 ; Unsigned Binary                                       ;
; SC1            ; 00100 ; Unsigned Binary                                       ;
; SC17           ; 00101 ; Unsigned Binary                                       ;
; SC175          ; 00110 ; Unsigned Binary                                       ;
; VEND           ; 00111 ; Unsigned Binary                                       ;
; SEL0           ; 10000 ; Unsigned Binary                                       ;
; V0             ; 11000 ; Unsigned Binary                                       ;
; V1             ; 11001 ; Unsigned Binary                                       ;
; SEL1           ; 10001 ; Unsigned Binary                                       ;
; SEL2           ; 10010 ; Unsigned Binary                                       ;
; SEL3           ; 10011 ; Unsigned Binary                                       ;
; SEL4           ; 10100 ; Unsigned Binary                                       ;
; SEL5           ; 10101 ; Unsigned Binary                                       ;
; SEL6           ; 10110 ; Unsigned Binary                                       ;
; SEL            ; 01001 ; Unsigned Binary                                       ;
; VENX           ; 01010 ; Unsigned Binary                                       ;
; CA1X           ; 01011 ; Unsigned Binary                                       ;
; CA2X           ; 01100 ; Unsigned Binary                                       ;
; CA3X           ; 01101 ; Unsigned Binary                                       ;
; CA4X           ; 01110 ; Unsigned Binary                                       ;
+----------------+-------+-------------------------------------------------------+
Note: In order to hide this table in the UI and the text report file, please set the "Show Parameter Settings in Synthesis Report" option in "Analysis and Synthesis Settings -> More Settings" to "Off".


+-------------------------------+
; Elapsed Time Per Partition    ;
+----------------+--------------+
; Partition Name ; Elapsed Time ;
+----------------+--------------+
; Top            ; 00:00:00     ;
+----------------+--------------+


+-------------------------------+
; Analysis & Synthesis Messages ;
+-------------------------------+
Info: *******************************************************************
Info: Running Quartus II 64-Bit Analysis & Synthesis
    Info: Version 13.0.1 Build 232 06/12/2013 Service Pack 1 SJ Web Edition
    Info: Processing started: Wed Apr 27 21:40:09 2016
Info: Command: quartus_map --read_settings_files=on --write_settings_files=off sodamachinelab -c sodamachinelab
Warning (20028): Parallel compilation is not licensed and has been disabled
Info (12021): Found 1 design units, including 1 entities, in source file sodamachinelab.v
    Info (12023): Found entity 1: sodamachinelab
Info (12127): Elaborating entity "sodamachinelab" for the top level hierarchy
Warning (10036): Verilog HDL or VHDL warning at sodamachinelab.v(65): object "soldoutled" assigned a value but never read
Warning (10240): Verilog HDL Always Construct warning at sodamachinelab.v(167): inferring latch(es) for variable "Snext", which holds its previous value in one or more paths through the always construct
Warning (10235): Verilog HDL Always Construct warning at sodamachinelab.v(248): variable "Xreg" is read inside the Always Construct but isn't in the Always Construct's Event Control
Warning (10235): Verilog HDL Always Construct warning at sodamachinelab.v(249): variable "Xreg" is read inside the Always Construct but isn't in the Always Construct's Event Control
Info (10264): Verilog HDL Case Statement information at sodamachinelab.v(238): all case item expressions in this case statement are onehot
Warning (10235): Verilog HDL Always Construct warning at sodamachinelab.v(254): variable "Xreg" is read inside the Always Construct but isn't in the Always Construct's Event Control
Info (10264): Verilog HDL Case Statement information at sodamachinelab.v(253): all case item expressions in this case statement are onehot
Warning (10240): Verilog HDL Always Construct warning at sodamachinelab.v(252): inferring latch(es) for variable "vendingmotors", which holds its previous value in one or more paths through the always construct
Warning (10034): Output port "ledg[7..1]" at sodamachinelab.v(53) has no driver
Warning (10034): Output port "GPIO_0_PIN_14" at sodamachinelab.v(22) has no driver
Warning (10034): Output port "GPIO_0_PIN_16" at sodamachinelab.v(23) has no driver
Warning (10034): Output port "GPIO_0_PIN_18" at sodamachinelab.v(24) has no driver
Warning (10034): Output port "GPIO_0_PIN_20" at sodamachinelab.v(25) has no driver
Warning (10034): Output port "GPIO_0_PIN_22" at sodamachinelab.v(26) has no driver
Warning (10034): Output port "GPIO_0_PIN_24" at sodamachinelab.v(27) has no driver
Warning (10034): Output port "GPIO_0_PIN_26" at sodamachinelab.v(28) has no driver
Warning (10034): Output port "GPIO_0_PIN_28" at sodamachinelab.v(29) has no driver
Warning (10034): Output port "GPIO_1_PIN_14" at sodamachinelab.v(44) has no driver
Warning (10034): Output port "GPIO_1_PIN_16" at sodamachinelab.v(45) has no driver
Warning (10034): Output port "GPIO_1_PIN_18" at sodamachinelab.v(46) has no driver
Warning (10034): Output port "GPIO_1_PIN_20" at sodamachinelab.v(47) has no driver
Warning (10034): Output port "GPIO_1_PIN_22" at sodamachinelab.v(48) has no driver
Warning (10034): Output port "GPIO_1_PIN_24" at sodamachinelab.v(49) has no driver
Warning (10034): Output port "GPIO_1_PIN_26" at sodamachinelab.v(50) has no driver
Warning (10034): Output port "GPIO_1_PIN_28" at sodamachinelab.v(51) has no driver
Info (10041): Inferred latch for "vendingmotors[2]" at sodamachinelab.v(252)
Info (10041): Inferred latch for "Snext.V1" at sodamachinelab.v(167)
Info (10041): Inferred latch for "Snext.V0" at sodamachinelab.v(167)
Info (10041): Inferred latch for "Snext.SEL6" at sodamachinelab.v(167)
Info (10041): Inferred latch for "Snext.SEL5" at sodamachinelab.v(167)
Info (10041): Inferred latch for "Snext.SEL4" at sodamachinelab.v(167)
Info (10041): Inferred latch for "Snext.SEL3" at sodamachinelab.v(167)
Info (10041): Inferred latch for "Snext.SEL2" at sodamachinelab.v(167)
Info (10041): Inferred latch for "Snext.SEL1" at sodamachinelab.v(167)
Info (10041): Inferred latch for "Snext.SEL0" at sodamachinelab.v(167)
Info (10041): Inferred latch for "Snext.CA4X" at sodamachinelab.v(167)
Info (10041): Inferred latch for "Snext.CA3X" at sodamachinelab.v(167)
Info (10041): Inferred latch for "Snext.CA2X" at sodamachinelab.v(167)
Info (10041): Inferred latch for "Snext.CA1X" at sodamachinelab.v(167)
Info (10041): Inferred latch for "Snext.VENX" at sodamachinelab.v(167)
Info (10041): Inferred latch for "Snext.VEND" at sodamachinelab.v(167)
Info (10041): Inferred latch for "Snext.SC175" at sodamachinelab.v(167)
Info (10041): Inferred latch for "Snext.SC17" at sodamachinelab.v(167)
Info (10041): Inferred latch for "Snext.SC1" at sodamachinelab.v(167)
Info (10041): Inferred latch for "Snext.WAIT" at sodamachinelab.v(167)
Warning (13024): Output pins are stuck at VCC or GND
    Warning (13410): Pin "GPIO_0_PIN_14" is stuck at GND
    Warning (13410): Pin "GPIO_0_PIN_16" is stuck at GND
    Warning (13410): Pin "GPIO_0_PIN_18" is stuck at GND
    Warning (13410): Pin "GPIO_0_PIN_20" is stuck at GND
    Warning (13410): Pin "GPIO_0_PIN_22" is stuck at GND
    Warning (13410): Pin "GPIO_0_PIN_24" is stuck at GND
    Warning (13410): Pin "GPIO_0_PIN_26" is stuck at GND
    Warning (13410): Pin "GPIO_0_PIN_28" is stuck at GND
    Warning (13410): Pin "GPIO_1_PIN_14" is stuck at GND
    Warning (13410): Pin "GPIO_1_PIN_16" is stuck at GND
    Warning (13410): Pin "GPIO_1_PIN_18" is stuck at GND
    Warning (13410): Pin "GPIO_1_PIN_20" is stuck at GND
    Warning (13410): Pin "GPIO_1_PIN_22" is stuck at GND
    Warning (13410): Pin "GPIO_1_PIN_24" is stuck at GND
    Warning (13410): Pin "GPIO_1_PIN_26" is stuck at GND
    Warning (13410): Pin "GPIO_1_PIN_28" is stuck at GND
    Warning (13410): Pin "ledg[1]" is stuck at GND
    Warning (13410): Pin "ledg[2]" is stuck at GND
    Warning (13410): Pin "ledg[3]" is stuck at GND
    Warning (13410): Pin "ledg[4]" is stuck at GND
    Warning (13410): Pin "ledg[5]" is stuck at GND
    Warning (13410): Pin "ledg[6]" is stuck at GND
    Warning (13410): Pin "ledg[7]" is stuck at GND
    Warning (13410): Pin "ledr[5]" is stuck at GND
    Warning (13410): Pin "ledr[6]" is stuck at GND
    Warning (13410): Pin "ledr[7]" is stuck at GND
    Warning (13410): Pin "ledr[9]" is stuck at GND
Info (17049): 7 registers lost all their fanouts during netlist optimizations.
Info (16010): Generating hard_block partition "hard_block:auto_generated_inst"
    Info (16011): Adding 0 node(s), including 0 DDIO, 0 PLL, 0 transceiver and 0 LCELL
Warning (21074): Design contains 34 input pin(s) that do not drive logic
    Warning (15610): No output dependent on input pin "GPIO_0_PIN_13"
    Warning (15610): No output dependent on input pin "GPIO_0_PIN_15"
    Warning (15610): No output dependent on input pin "GPIO_0_PIN_17"
    Warning (15610): No output dependent on input pin "GPIO_0_PIN_19"
    Warning (15610): No output dependent on input pin "GPIO_0_PIN_21"
    Warning (15610): No output dependent on input pin "GPIO_0_PIN_23"
    Warning (15610): No output dependent on input pin "GPIO_0_PIN_25"
    Warning (15610): No output dependent on input pin "GPIO_0_PIN_27"
    Warning (15610): No output dependent on input pin "GPIO_0_PIN_31"
    Warning (15610): No output dependent on input pin "GPIO_0_PIN_32"
    Warning (15610): No output dependent on input pin "GPIO_0_PIN_33"
    Warning (15610): No output dependent on input pin "GPIO_0_PIN_34"
    Warning (15610): No output dependent on input pin "GPIO_0_PIN_35"
    Warning (15610): No output dependent on input pin "GPIO_0_PIN_36"
    Warning (15610): No output dependent on input pin "GPIO_0_PIN_37"
    Warning (15610): No output dependent on input pin "GPIO_0_PIN_38"
    Warning (15610): No output dependent on input pin "GPIO_1_PIN_13"
    Warning (15610): No output dependent on input pin "GPIO_1_PIN_15"
    Warning (15610): No output dependent on input pin "GPIO_1_PIN_17"
    Warning (15610): No output dependent on input pin "GPIO_1_PIN_19"
    Warning (15610): No output dependent on input pin "GPIO_1_PIN_21"
    Warning (15610): No output dependent on input pin "GPIO_1_PIN_23"
    Warning (15610): No output dependent on input pin "GPIO_1_PIN_25"
    Warning (15610): No output dependent on input pin "GPIO_1_PIN_27"
    Warning (15610): No output dependent on input pin "key[0]"
    Warning (15610): No output dependent on input pin "key[1]"
    Warning (15610): No output dependent on input pin "key[2]"
    Warning (15610): No output dependent on input pin "key[3]"
    Warning (15610): No output dependent on input pin "sw[4]"
    Warning (15610): No output dependent on input pin "sw[5]"
    Warning (15610): No output dependent on input pin "sw[6]"
    Warning (15610): No output dependent on input pin "sw[7]"
    Warning (15610): No output dependent on input pin "sw[8]"
    Warning (15610): No output dependent on input pin "sw[9]"
Info (21057): Implemented 93 device resources after synthesis - the final resource count might be different
    Info (21058): Implemented 39 input pins
    Info (21059): Implemented 34 output pins
    Info (21061): Implemented 20 logic cells
Info: Quartus II 64-Bit Analysis & Synthesis was successful. 0 errors, 87 warnings
    Info: Peak virtual memory: 451 megabytes
    Info: Processing ended: Wed Apr 27 21:40:10 2016
    Info: Elapsed time: 00:00:01
    Info: Total CPU time (on all processors): 00:00:01


